<?xml version="1.0" encoding="UTF-8"?>
<!-- Generated by org.testng.reporters.JUnitReportReporter -->
<testsuite skipped="0" hostname="ramala" name="com.inetbanking.testCases.TC_LoginTest_001" tests="1" failures="0" timestamp="26 Mar 2021 17:35:47 GMT" time="4.477" errors="0">
  <testcase name="loginTest" time="4.477" classname="com.inetbanking.testCases.TC_LoginTest_001"/>
</testsuite> <!-- com.inetbanking.testCases.TC_LoginTest_001 -->
