<?xml version="1.0" encoding="UTF-8"?>
<!-- Generated by org.testng.reporters.JUnitReportReporter -->
<testsuite skipped="0" hostname="ramala" name="com.inetbanking.testCases.TC_LoginTest_001" tests="1" failures="0" timestamp="28 Mar 2021 09:57:21 GMT" time="4.739" errors="0">
  <testcase name="loginTest" time="4.739" classname="com.inetbanking.testCases.TC_LoginTest_001"/>
</testsuite> <!-- com.inetbanking.testCases.TC_LoginTest_001 -->
